{
  "/Users/rickbeerendonk/Documents/GitHub/jest-examples/01-setup/b. Code Coverage/compiled/sum.js": {
    "path": "/Users/rickbeerendonk/Documents/GitHub/jest-examples/01-setup/b. Code Coverage/compiled/sum.js",
    "statementMap": {
      "0": {
        "start": { "line": 5, "column": 2 },
        "end": { "line": 9, "column": 3 }
      },
      "1": {
        "start": { "line": 6, "column": 4 },
        "end": { "line": 6, "column": 21 }
      },
      "2": {
        "start": { "line": 8, "column": 4 },
        "end": { "line": 8, "column": 17 }
      },
      "3": {
        "start": { "line": 12, "column": 0 },
        "end": { "line": 12, "column": 21 }
      }
    },
    "fnMap": {
      "0": {
        "name": "sum",
        "decl": {
          "start": { "line": 4, "column": 9 },
          "end": { "line": 4, "column": 12 }
        },
        "loc": {
          "start": { "line": 4, "column": 22 },
          "end": { "line": 10, "column": 1 }
        },
        "line": 4
      }
    },
    "branchMap": {
      "0": {
        "loc": {
          "start": { "line": 5, "column": 2 },
          "end": { "line": 9, "column": 3 }
        },
        "type": "if",
        "locations": [
          {
            "start": { "line": 5, "column": 2 },
            "end": { "line": 9, "column": 3 }
          },
          {
            "start": { "line": 7, "column": 9 },
            "end": { "line": 9, "column": 3 }
          }
        ],
        "line": 5
      }
    },
    "s": { "0": 1, "1": 0, "2": 1, "3": 1 },
    "f": { "0": 1 },
    "b": { "0": [0, 1] },
    "_coverageSchema": "1a1c01bbd47fc00a2c39e90264f33305004495a9",
    "hash": "d616cd14f52ef33ae55e4b7b2530fc72746e1f91"
  }
}
